2024-11-05 17:47:51.169-05:00 ERROR c.m.applicationinsights.agent - Application Insights Java Agent 3.4.13 startup failed (PID 17956)
java.lang.ExceptionInInitializerError: null
	at io.opentelemetry.javaagent.tooling.muzzle.AgentTooling.<clinit>(AgentTooling.java:23)
	at io.opentelemetry.javaagent.tooling.AgentInstaller.installBytebuddyAgent(AgentInstaller.java:144)
	at io.opentelemetry.javaagent.tooling.AgentInstaller.installBytebuddyAgent(AgentInstaller.java:98)
	at io.opentelemetry.javaagent.tooling.AgentStarterImpl.start(AgentStarterImpl.java:98)
	at io.opentelemetry.javaagent.bootstrap.AgentInitializer$1.run(AgentInitializer.java:53)
	at io.opentelemetry.javaagent.bootstrap.AgentInitializer$1.run(AgentInitializer.java:47)
	at io.opentelemetry.javaagent.bootstrap.AgentInitializer.execute(AgentInitializer.java:64)
	at io.opentelemetry.javaagent.bootstrap.AgentInitializer.initialize(AgentInitializer.java:46)
	at io.opentelemetry.javaagent.OpenTelemetryAgent.startAgent(OpenTelemetryAgent.java:57)
	at io.opentelemetry.javaagent.OpenTelemetryAgent.premain(OpenTelemetryAgent.java:45)
	at com.microsoft.applicationinsights.agent.Agent.premain(Agent.java:38)
	at com.microsoft.applicationinsights.agent.Agent.agentmain(Agent.java:44)
	at java.base/jdk.internal.reflect.DirectMethodHandleAccessor.invoke(DirectMethodHandleAccessor.java:103)
	at java.base/java.lang.reflect.Method.invoke(Method.java:580)
	at java.instrument/sun.instrument.InstrumentationImpl.loadClassAndStartAgent(InstrumentationImpl.java:560)
	at java.instrument/sun.instrument.InstrumentationImpl.loadClassAndCallAgentmain(InstrumentationImpl.java:582)
Caused by: java.lang.reflect.InaccessibleObjectException: Unable to make protected final java.lang.Class java.lang.ClassLoader.findLoadedClass(java.lang.String) accessible: module java.base does not "opens java.lang" to unnamed module @71208e31
	at java.base/java.lang.reflect.AccessibleObject.throwInaccessibleObjectException(AccessibleObject.java:388)
	at java.base/java.lang.reflect.AccessibleObject.checkCanSetAccessible(AccessibleObject.java:364)
	at java.base/java.lang.reflect.AccessibleObject.checkCanSetAccessible(AccessibleObject.java:312)
	at java.base/java.lang.reflect.Method.checkCanSetAccessible(Method.java:203)
	at java.base/java.lang.reflect.Method.setAccessible(Method.java:197)
	at io.opentelemetry.javaagent.tooling.muzzle.AgentCachingPoolStrategy.getFindLoadedClassMethod(AgentCachingPoolStrategy.java:115)
	at io.opentelemetry.javaagent.tooling.muzzle.AgentCachingPoolStrategy.<clinit>(AgentCachingPoolStrategy.java:58)
	... 16 common frames omitted
2024-11-05 17:49:36.608-05:00 ERROR c.azure.core.http.policy.RetryPolicy - {"az.sdk.message":"Retry attempts have been exhausted.","exception":"connection timed out: /169.254.169.254:80","tryCount":3}
2024-11-05 17:50:11.299-05:00 ERROR c.m.applicationinsights.agent - Application Insights Java Agent 3.4.13 startup failed (PID 12544)
java.lang.ExceptionInInitializerError: null
	at io.opentelemetry.javaagent.tooling.muzzle.AgentTooling.<clinit>(AgentTooling.java:23)
	at io.opentelemetry.javaagent.tooling.AgentInstaller.installBytebuddyAgent(AgentInstaller.java:144)
	at io.opentelemetry.javaagent.tooling.AgentInstaller.installBytebuddyAgent(AgentInstaller.java:98)
	at io.opentelemetry.javaagent.tooling.AgentStarterImpl.start(AgentStarterImpl.java:98)
	at io.opentelemetry.javaagent.bootstrap.AgentInitializer$1.run(AgentInitializer.java:53)
	at io.opentelemetry.javaagent.bootstrap.AgentInitializer$1.run(AgentInitializer.java:47)
	at io.opentelemetry.javaagent.bootstrap.AgentInitializer.execute(AgentInitializer.java:64)
	at io.opentelemetry.javaagent.bootstrap.AgentInitializer.initialize(AgentInitializer.java:46)
	at io.opentelemetry.javaagent.OpenTelemetryAgent.startAgent(OpenTelemetryAgent.java:57)
	at io.opentelemetry.javaagent.OpenTelemetryAgent.premain(OpenTelemetryAgent.java:45)
	at com.microsoft.applicationinsights.agent.Agent.premain(Agent.java:38)
	at com.microsoft.applicationinsights.agent.Agent.agentmain(Agent.java:44)
	at java.base/jdk.internal.reflect.DirectMethodHandleAccessor.invoke(DirectMethodHandleAccessor.java:103)
	at java.base/java.lang.reflect.Method.invoke(Method.java:580)
	at java.instrument/sun.instrument.InstrumentationImpl.loadClassAndStartAgent(InstrumentationImpl.java:560)
	at java.instrument/sun.instrument.InstrumentationImpl.loadClassAndCallAgentmain(InstrumentationImpl.java:582)
Caused by: java.lang.reflect.InaccessibleObjectException: Unable to make protected final java.lang.Class java.lang.ClassLoader.findLoadedClass(java.lang.String) accessible: module java.base does not "opens java.lang" to unnamed module @71208e31
	at java.base/java.lang.reflect.AccessibleObject.throwInaccessibleObjectException(AccessibleObject.java:388)
	at java.base/java.lang.reflect.AccessibleObject.checkCanSetAccessible(AccessibleObject.java:364)
	at java.base/java.lang.reflect.AccessibleObject.checkCanSetAccessible(AccessibleObject.java:312)
	at java.base/java.lang.reflect.Method.checkCanSetAccessible(Method.java:203)
	at java.base/java.lang.reflect.Method.setAccessible(Method.java:197)
	at io.opentelemetry.javaagent.tooling.muzzle.AgentCachingPoolStrategy.getFindLoadedClassMethod(AgentCachingPoolStrategy.java:115)
	at io.opentelemetry.javaagent.tooling.muzzle.AgentCachingPoolStrategy.<clinit>(AgentCachingPoolStrategy.java:58)
	... 16 common frames omitted
2024-11-05 17:51:57.039-05:00 ERROR c.azure.core.http.policy.RetryPolicy - {"az.sdk.message":"Retry attempts have been exhausted.","exception":"connection timed out: /169.254.169.254:80","tryCount":3}
2024-11-05 18:01:58.367-05:00 WARN  c.a.m.o.e.i.q.QuickPulsePingSender - Pinging live metrics endpoint: java.net.SocketException: Connection reset (https://brazilsouth.livediagnostics.monitor.azure.com/QuickPulseService.svc) (future warnings will be aggregated and logged once every 5 minutes)
reactor.core.Exceptions$ReactiveException: java.net.SocketException: Connection reset
	at reactor.core.Exceptions.propagate(Exceptions.java:408)
	at reactor.core.publisher.BlockingSingleSubscriber.blockingGet(BlockingSingleSubscriber.java:97)
	at reactor.core.publisher.Mono.block(Mono.java:1710)
	at com.azure.monitor.opentelemetry.exporter.implementation.quickpulse.QuickPulsePingSender.ping(QuickPulsePingSender.java:101)
	at com.azure.monitor.opentelemetry.exporter.implementation.quickpulse.QuickPulseCoordinator.ping(QuickPulseCoordinator.java:99)
	at com.azure.monitor.opentelemetry.exporter.implementation.quickpulse.QuickPulseCoordinator.run(QuickPulseCoordinator.java:52)
	at java.base/java.lang.Thread.run(Thread.java:1575)
	Suppressed: java.lang.Exception: #block terminated with an error
		at reactor.core.publisher.BlockingSingleSubscriber.blockingGet(BlockingSingleSubscriber.java:99)
		... 5 common frames omitted
Caused by: java.net.SocketException: Connection reset
	at java.base/sun.nio.ch.SocketChannelImpl.throwConnectionReset(SocketChannelImpl.java:403)
	at java.base/sun.nio.ch.SocketChannelImpl.implRead(SocketChannelImpl.java:435)
	at java.base/sun.nio.ch.SocketChannelImpl.read(SocketChannelImpl.java:493)
	at io.netty.buffer.PooledByteBuf.setBytes(PooledByteBuf.java:256)
	at io.netty.buffer.AbstractByteBuf.writeBytes(AbstractByteBuf.java:1132)
	at io.netty.channel.socket.nio.NioSocketChannel.doReadBytes(NioSocketChannel.java:357)
	at io.netty.channel.nio.AbstractNioByteChannel$NioByteUnsafe.read(AbstractNioByteChannel.java:151)
	at io.netty.channel.nio.NioEventLoop.processSelectedKey(NioEventLoop.java:788)
	at io.netty.channel.nio.NioEventLoop.processSelectedKeysOptimized(NioEventLoop.java:724)
	at io.netty.channel.nio.NioEventLoop.processSelectedKeys(NioEventLoop.java:650)
	at io.netty.channel.nio.NioEventLoop.run(NioEventLoop.java:562)
	at io.netty.util.concurrent.SingleThreadEventExecutor$4.run(SingleThreadEventExecutor.java:997)
	at io.netty.util.internal.ThreadExecutorMap$2.run(ThreadExecutorMap.java:74)
	at io.netty.util.concurrent.FastThreadLocalRunnable.run(FastThreadLocalRunnable.java:30)
	... 1 common frames omitted
